2022-06-09 14:42:12,442 - BrowserEngine - INFO - 选择的 Chrome 浏览器.
2022-06-09 14:42:12,442 - BrowserEngine - INFO - 测试服务器地址 url 是: https://www.baidu.com
2022-06-09 14:42:17,099 - BrowserEngine - INFO - 启动 Chrome 浏览器.
2022-06-09 14:42:17,676 - BrowserEngine - INFO - 打开 url: https://www.baidu.com
2022-06-09 14:42:17,859 - BrowserEngine - INFO - 最大化当前窗口.
2022-06-09 14:42:17,862 - BrowserEngine - INFO - 设置隐式等待 10 秒.
2022-06-09 14:42:19,865 - BasePage - INFO - 休眠 2 秒
2022-06-09 14:42:19,887 - BasePage - INFO - 找到了元素   id 成功  元素为: kw 
2022-06-09 14:42:19,992 - BasePage - INFO -  ' selenium ' 类型在输入框中
2022-06-09 14:42:22,000 - BasePage - INFO - 休眠 2 秒
2022-06-09 14:42:22,019 - BasePage - INFO - 找到了元素   xpath 成功  元素为: //*[@id='su'] 
2022-06-09 14:42:22,085 - BasePage - INFO - 元素 '  ' 被点击.
2022-06-09 14:42:24,086 - BasePage - INFO - 休眠 2 秒
2022-06-09 14:42:26,094 - BasePage - INFO - 休眠 2 秒
2022-06-09 14:42:26,114 - BasePage - INFO - 当前页面标题是 selenium_百度搜索
2022-06-09 14:42:26,134 - BasePage - INFO - 找到了元素   id 成功  元素为: kw 
2022-06-09 14:42:26,160 - BasePage - INFO - 输入前清除输入框中的文本.
2022-06-09 14:42:28,162 - BasePage - INFO - 休眠 2 秒
2022-06-09 14:42:30,169 - BasePage - INFO - 休眠 2 秒
2022-06-09 14:42:30,181 - BasePage - INFO - 找到了元素   id 成功  元素为: kw 
2022-06-09 14:42:30,252 - BasePage - INFO -  ' python ' 类型在输入框中
2022-06-09 14:42:32,273 - BasePage - INFO - 休眠 2 秒
2022-06-09 14:42:32,293 - BasePage - INFO - 找到了元素   xpath 成功  元素为: //*[@id='su'] 
2022-06-09 14:42:32,362 - BasePage - INFO - 元素 '  ' 被点击.
2022-06-09 14:42:34,363 - BasePage - INFO - 休眠 2 秒
2022-06-09 14:42:36,363 - BasePage - INFO - 休眠 2 秒
2022-06-09 14:42:36,455 - BasePage - INFO - 当前页面标题是 python_百度搜索
2022-06-09 14:42:38,660 - BrowserEngine - INFO - 选择的 Chrome 浏览器.
2022-06-09 14:42:38,660 - BrowserEngine - INFO - 测试服务器地址 url 是: https://www.baidu.com
2022-06-09 14:42:43,153 - BrowserEngine - INFO - 启动 Chrome 浏览器.
2022-06-09 14:42:44,016 - BrowserEngine - INFO - 打开 url: https://www.baidu.com
2022-06-09 14:42:44,192 - BrowserEngine - INFO - 最大化当前窗口.
2022-06-09 14:42:44,194 - BrowserEngine - INFO - 设置隐式等待 10 秒.
2022-06-09 14:42:44,230 - BasePage - INFO - 当前页面标题是 百度一下，你就知道
2022-06-09 14:42:48,376 - BrowserEngine - INFO - 选择的 Chrome 浏览器.
2022-06-09 14:42:48,376 - BrowserEngine - INFO - 测试服务器地址 url 是: https://www.baidu.com
2022-06-09 14:42:52,713 - BrowserEngine - INFO - 启动 Chrome 浏览器.
2022-06-09 14:42:53,260 - BrowserEngine - INFO - 打开 url: https://www.baidu.com
2022-06-09 14:42:53,428 - BrowserEngine - INFO - 最大化当前窗口.
2022-06-09 14:42:53,429 - BrowserEngine - INFO - 设置隐式等待 10 秒.
2022-06-09 14:42:53,482 - BasePage - INFO - 找到了元素 新闻  xpath 成功  元素为: //*[@id="s-top-left"]/a[1] 
2022-06-09 14:42:53,598 - BasePage - INFO - 元素 ' 新闻 ' 被点击.
2022-06-09 14:42:55,606 - BasePage - INFO - 休眠 2 秒
2022-06-09 14:42:55,611 - BasePage - INFO - 切换新的窗口
2022-06-09 14:42:55,871 - BasePage - INFO - 已截取屏幕截图并保存到文件夹 : /screenshots
2022-06-09 14:42:55,946 - BasePage - INFO -  ' selenium ' 类型在输入框中
2022-06-09 14:42:57,952 - BasePage - INFO - 休眠 2 秒
2022-06-09 14:42:57,974 - BasePage - INFO - 输入前清除输入框中的文本.
2022-06-09 14:42:59,976 - BasePage - INFO - 休眠 2 秒
2022-06-09 14:42:59,997 - BasePage - INFO - 找到了元素 习近平再赴四川考察，在眉山重点关注了什么？  xpath 成功  元素为: //*[@id="pane-news"]/div/ul/li[1]/strong/a 
2022-06-09 14:43:00,081 - BasePage - INFO - 元素 ' 习近平再赴四川考察，在眉山重点关注了什么？ ' 被点击.
2022-06-09 14:43:02,094 - BasePage - INFO - 休眠 2 秒
2022-06-09 14:43:04,108 - BasePage - INFO - 休眠 2 秒
2022-06-09 14:43:04,113 - BasePage - INFO - 切换新的窗口
2022-06-09 14:43:04,382 - BasePage - INFO - 已截取屏幕截图并保存到文件夹 : /screenshots
