2022-06-09 14:51:12,508 - BrowserEngine - INFO - 选择的 Chrome 浏览器.
2022-06-09 14:51:12,509 - BrowserEngine - INFO - 测试服务器地址 url 是: https://www.baidu.com
2022-06-09 14:51:17,165 - BrowserEngine - INFO - 启动 Chrome 浏览器.
2022-06-09 14:51:17,793 - BrowserEngine - INFO - 打开 url: https://www.baidu.com
2022-06-09 14:51:17,981 - BrowserEngine - INFO - 最大化当前窗口.
2022-06-09 14:51:17,983 - BrowserEngine - INFO - 设置隐式等待 10 秒.
2022-06-09 14:51:19,998 - BasePage - INFO - 休眠 2 秒
2022-06-09 14:51:20,018 - BasePage - INFO - 找到了元素   id 成功  元素为: kw 
2022-06-09 14:51:20,117 - BasePage - INFO -  ' selenium ' 类型在输入框中
2022-06-09 14:51:22,129 - BasePage - INFO - 休眠 2 秒
2022-06-09 14:51:22,147 - BasePage - INFO - 找到了元素   xpath 成功  元素为: //*[@id='su'] 
2022-06-09 14:51:22,199 - BasePage - INFO - 元素 '  ' 被点击.
2022-06-09 14:51:24,200 - BasePage - INFO - 休眠 2 秒
2022-06-09 14:51:26,201 - BasePage - INFO - 休眠 2 秒
2022-06-09 14:51:26,294 - BasePage - INFO - 当前页面标题是 selenium_百度搜索
2022-06-09 14:51:26,312 - BasePage - INFO - 找到了元素   id 成功  元素为: kw 
2022-06-09 14:51:26,337 - BasePage - INFO - 输入前清除输入框中的文本.
2022-06-09 14:51:28,342 - BasePage - INFO - 休眠 2 秒
2022-06-09 14:51:30,350 - BasePage - INFO - 休眠 2 秒
2022-06-09 14:51:30,365 - BasePage - INFO - 找到了元素   id 成功  元素为: kw 
2022-06-09 14:51:30,430 - BasePage - INFO -  ' python ' 类型在输入框中
2022-06-09 14:51:32,443 - BasePage - INFO - 休眠 2 秒
2022-06-09 14:51:32,461 - BasePage - INFO - 找到了元素   xpath 成功  元素为: //*[@id='su'] 
2022-06-09 14:51:32,525 - BasePage - INFO - 元素 '  ' 被点击.
2022-06-09 14:51:34,540 - BasePage - INFO - 休眠 2 秒
2022-06-09 14:51:36,543 - BasePage - INFO - 休眠 2 秒
2022-06-09 14:51:36,635 - BasePage - INFO - 当前页面标题是 python_百度搜索
2022-06-09 14:51:38,823 - BrowserEngine - INFO - 选择的 Chrome 浏览器.
2022-06-09 14:51:38,824 - BrowserEngine - INFO - 测试服务器地址 url 是: https://www.baidu.com
2022-06-09 14:51:43,650 - BrowserEngine - INFO - 启动 Chrome 浏览器.
2022-06-09 14:51:44,248 - BrowserEngine - INFO - 打开 url: https://www.baidu.com
2022-06-09 14:51:44,437 - BrowserEngine - INFO - 最大化当前窗口.
2022-06-09 14:51:44,440 - BrowserEngine - INFO - 设置隐式等待 10 秒.
2022-06-09 14:51:44,446 - BasePage - INFO - 当前页面标题是 百度一下，你就知道
2022-06-09 14:51:48,598 - BrowserEngine - INFO - 选择的 Chrome 浏览器.
2022-06-09 14:51:48,598 - BrowserEngine - INFO - 测试服务器地址 url 是: https://www.baidu.com
2022-06-09 14:51:52,993 - BrowserEngine - INFO - 启动 Chrome 浏览器.
2022-06-09 14:51:53,538 - BrowserEngine - INFO - 打开 url: https://www.baidu.com
2022-06-09 14:51:53,724 - BrowserEngine - INFO - 最大化当前窗口.
2022-06-09 14:51:53,727 - BrowserEngine - INFO - 设置隐式等待 10 秒.
2022-06-09 14:51:53,829 - BasePage - INFO - 找到了元素 新闻  xpath 成功  元素为: //*[@id="s-top-left"]/a[1] 
2022-06-09 14:51:53,896 - BasePage - INFO - 元素 ' 新闻 ' 被点击.
2022-06-09 14:51:55,901 - BasePage - INFO - 休眠 2 秒
2022-06-09 14:51:55,906 - BasePage - INFO - 切换新的窗口
2022-06-09 14:51:56,143 - BasePage - INFO - 已截取屏幕截图并保存到文件夹 : /screenshots
2022-06-09 14:51:56,219 - BasePage - INFO -  ' selenium ' 类型在输入框中
2022-06-09 14:51:58,224 - BasePage - INFO - 休眠 2 秒
2022-06-09 14:51:58,248 - BasePage - INFO - 输入前清除输入框中的文本.
2022-06-09 14:52:00,252 - BasePage - INFO - 休眠 2 秒
2022-06-09 14:52:00,270 - BasePage - INFO - 找到了元素 习近平再赴四川考察，在眉山重点关注了什么？  xpath 成功  元素为: //*[@id="pane-news"]/div/ul/li[1]/strong/a 
2022-06-09 14:52:00,371 - BasePage - INFO - 元素 ' 习近平再赴四川考察，在眉山重点关注了什么？ ' 被点击.
2022-06-09 14:52:02,384 - BasePage - INFO - 休眠 2 秒
2022-06-09 14:52:04,391 - BasePage - INFO - 休眠 2 秒
2022-06-09 14:52:04,401 - BasePage - INFO - 切换新的窗口
2022-06-09 14:52:04,654 - BasePage - INFO - 已截取屏幕截图并保存到文件夹 : /screenshots
